============================= test session starts ==============================
platform linux -- Python 3.9.7, pytest-6.0.2, py-1.10.0, pluggy-0.13.0 -- /usr/bin/python3
cachedir: .pytest_cache
rootdir: /home/qizhe/Desktop/libfuse/libFuseWin2022/test
collecting ... Making install in src
make[1]: Entering directory '/home/qizhe/Desktop/libfuse/libFuseWin2022/src'
make[2]: Entering directory '/home/qizhe/Desktop/libfuse/libFuseWin2022/src'
 /usr/bin/mkdir -p '/usr/local/bin'
  /usr/bin/install -c ntapfuse '/usr/local/bin'
make[2]: Nothing to be done for 'install-data-am'.
make[2]: Leaving directory '/home/qizhe/Desktop/libfuse/libFuseWin2022/src'
make[1]: Leaving directory '/home/qizhe/Desktop/libfuse/libFuseWin2022/src'
make[1]: Entering directory '/home/qizhe/Desktop/libfuse/libFuseWin2022'
make[2]: Entering directory '/home/qizhe/Desktop/libfuse/libFuseWin2022'
make[2]: Nothing to be done for 'install-exec-am'.
 /usr/bin/mkdir -p '/usr/local/share/doc/ntapfuse'
 /usr/bin/install -c -m 644 README.md '/usr/local/share/doc/ntapfuse'
make[2]: Leaving directory '/home/qizhe/Desktop/libfuse/libFuseWin2022'
make[1]: Leaving directory '/home/qizhe/Desktop/libfuse/libFuseWin2022'
creating basedir and mountpoint...
collected 8 items

ntapfuse_test.py::TestClass::test_mkdir Testing mkdir...
creating some empty folders
checking if usage and logs match...
expecting numbers of logs: 30  result is: 30
expecting user usage: 122880  result is: 122880
PASSED
ntapfuse_test.py::TestClass::test_rmdir Testing rmdir...
deleting some empty folders that mkdir create
checking if usage and logs match...
expecting numbers of logs: 40  result is: 40
expecting user usage: 81920  result is: 81920
PASSED
ntapfuse_test.py::TestClass::test_write PASSED
ntapfuse_test.py::TestClass::test_unlink PASSED
ntapfuse_test.py::TestClass::test_chown PASSED
ntapfuse_test.py::TestClass::test_truncate PASSED
ntapfuse_test.py::TestClass::test_read PASSED
ntapfuse_test.py::TestClass::test_utime PASSED

============================== 8 passed in 0.84s ===============================
