============================= test session starts ==============================
platform linux -- Python 3.9.7, pytest-6.0.2, py-1.10.0, pluggy-0.13.0 -- /usr/bin/python3
cachedir: .pytest_cache
rootdir: /home/qizhe/Desktop/libfuse/libFuseWin2022
collecting ... creating basedir and mountpoint...
collected 8 items

test/ntapfuse_test.py::TestClass::test_mkdir Testing mkdir...
creating some empty folders
checking if usage and logs match...
expecting numbers of logs: 30  result is: 30
expecting user usage: 122880  result is: 122880
PASSED
test/ntapfuse_test.py::TestClass::test_rmdir Testing rmdir...
deleting some empty folders that mkdir create
checking if usage and logs match...
expecting numbers of logs: 40  result is: 40
expecting user usage: 81920  result is: 81920
PASSED
test/ntapfuse_test.py::TestClass::test_write PASSED
test/ntapfuse_test.py::TestClass::test_unlink PASSED
test/ntapfuse_test.py::TestClass::test_chown PASSED
test/ntapfuse_test.py::TestClass::test_truncate PASSED
test/ntapfuse_test.py::TestClass::test_read PASSED
test/ntapfuse_test.py::TestClass::test_utime PASSED

============================== 8 passed in 0.91s ===============================
